2022-02-18T17:51:33.584Z info: Listening on port 3001...
2022-02-18T17:51:33.593Z info: Connected to MySQL server...
2022-02-18T17:59:11.753Z info: Listening on port 3001...
2022-02-18T17:59:11.762Z info: Connected to MySQL server...
2022-02-18T17:59:30.364Z error: Unexpected token s in JSON at position 68 Unexpected token s in JSON at position 68
2022-02-18T18:04:41.647Z info: Listening on port 3001...
2022-02-18T18:04:41.657Z info: Connected to MySQL server...
2022-02-18T18:04:49.239Z error: Unexpected token s in JSON at position 68 Unexpected token s in JSON at position 68
2022-02-18T18:05:18.228Z error: Unexpected token 
 in JSON at position 65 Unexpected token 
 in JSON at position 65
2022-02-18T18:06:54.446Z info: Listening on port 3001...
2022-02-18T18:06:54.455Z info: Connected to MySQL server...
2022-02-18T18:09:27.949Z info: Listening on port 3001...
2022-02-18T18:09:27.958Z info: Connected to MySQL server...
2022-02-18T18:09:38.922Z error: Unexpected string in JSON at position 73 Unexpected string in JSON at position 73
2022-02-18T18:10:26.487Z info: Listening on port 3001...
2022-02-18T18:10:26.498Z info: Connected to MySQL server...
2022-02-18T18:10:27.560Z error: Unexpected string in JSON at position 73 Unexpected string in JSON at position 73
2022-02-18T19:07:30.903Z info: Listening on port 3001...
2022-02-18T19:07:30.922Z info: Connected to MySQL server...
2022-02-18T19:11:45.090Z info: Listening on port 3001...
2022-02-18T19:11:45.099Z info: Connected to MySQL server...
2022-02-18T19:37:11.020Z info: Listening on port 3001...
2022-02-18T19:37:11.030Z info: Connected to MySQL server...
2022-02-18T19:40:49.815Z info: Listening on port 3001...
2022-02-18T19:40:49.827Z info: Connected to MySQL server...
2022-02-18T19:41:20.554Z info: Listening on port 3001...
2022-02-18T19:41:20.563Z info: Connected to MySQL server...
2022-02-18T19:41:25.605Z info: Listening on port 3001...
2022-02-18T19:41:25.626Z info: Connected to MySQL server...
2022-02-19T00:39:24.455Z info: Listening on port 3001...
2022-02-19T00:39:24.473Z info: Connected to MySQL server...
2022-02-19T00:39:43.433Z info: Listening on port 3001...
2022-02-19T00:39:43.443Z info: Connected to MySQL server...
2022-02-19T00:41:01.366Z info: Listening on port 3001...
2022-02-19T00:41:01.375Z info: Connected to MySQL server...
2022-02-19T00:41:13.132Z info: Listening on port 3001...
2022-02-19T00:41:13.141Z info: Connected to MySQL server...
2022-02-19T00:44:07.294Z info: Listening on port 3001...
2022-02-19T00:44:07.304Z info: Connected to MySQL server...
2022-02-19T00:45:37.638Z error: Unexpected string in JSON at position 73 Unexpected string in JSON at position 73
2022-02-19T00:47:00.419Z info: Listening on port 3001...
2022-02-19T00:47:00.428Z info: Connected to MySQL server...
2022-02-19T00:49:07.018Z info: Listening on port 3001...
2022-02-19T00:49:07.047Z info: Connected to MySQL server...
2022-02-19T00:49:12.895Z info: Listening on port 3001...
2022-02-19T00:49:12.905Z info: Connected to MySQL server...
2022-02-19T00:49:34.277Z info: Listening on port 3001...
2022-02-19T00:49:34.288Z info: Connected to MySQL server...
2022-02-19T00:49:36.448Z error: Cannot read properties of null (reading 'role') Cannot read properties of null (reading 'role')
2022-02-19T00:49:48.086Z info: Listening on port 3001...
2022-02-19T00:49:48.095Z info: Connected to MySQL server...
2022-02-19T14:20:45.118Z info: Listening on port 3001...
2022-02-19T14:20:45.151Z info: Connected to MySQL server...
2022-02-26T10:43:50.326Z info: Listening on port 3001...
2022-02-26T10:43:50.346Z info: Connected to MySQL server...
2022-02-26T10:44:17.845Z info: Listening on port 3001...
2022-02-26T10:44:17.856Z info: Connected to MySQL server...
2022-02-26T15:47:20.438Z info: Listening on port 3001...
2022-02-26T15:47:20.452Z info: Connected to MySQL server...
2022-02-26T15:54:16.972Z info: Listening on port 3001...
2022-02-26T15:54:16.985Z info: Connected to MySQL server...
2022-02-26T15:54:49.172Z info: Listening on port 3001...
2022-02-26T15:54:49.183Z info: Connected to MySQL server...
2022-02-26T15:54:59.349Z error: console is not a function console is not a function
2022-02-26T15:55:07.829Z error: console is not a function console is not a function
2022-02-26T15:55:22.075Z info: Listening on port 3001...
2022-02-26T15:55:22.095Z info: Connected to MySQL server...
2022-02-26T15:58:07.979Z info: Listening on port 3001...
2022-02-26T15:58:07.988Z info: Connected to MySQL server...
2022-02-26T16:03:53.554Z info: Listening on port 3001...
2022-02-26T16:03:53.566Z info: Connected to MySQL server...
2022-02-26T16:54:00.460Z info: Listening on port 3001...
2022-02-26T16:54:00.470Z info: Connected to MySQL server...
2022-02-26T16:56:10.217Z error: Assignment to constant variable. Assignment to constant variable.
2022-02-26T16:56:37.938Z info: Listening on port 3001...
2022-02-26T16:56:37.948Z info: Connected to MySQL server...
2022-02-26T17:00:04.230Z info: Listening on port 3001...
2022-02-26T17:00:04.240Z info: Connected to MySQL server...
2022-02-26T17:01:26.951Z info: Listening on port 3001...
2022-02-26T17:01:26.962Z info: Connected to MySQL server...
2022-02-26T17:03:06.880Z info: Listening on port 3001...
2022-02-26T17:03:06.895Z info: Connected to MySQL server...
2022-02-26T17:03:30.439Z info: Listening on port 3001...
2022-02-26T17:03:30.449Z info: Connected to MySQL server...
2022-02-26T17:05:30.773Z info: Listening on port 3001...
2022-02-26T17:05:30.786Z info: Connected to MySQL server...
2022-02-26T17:06:06.162Z info: Listening on port 3001...
2022-02-26T17:06:06.177Z info: Connected to MySQL server...
2022-02-26T17:06:23.357Z error: sql is not defined sql is not defined
2022-02-26T17:06:47.876Z info: Listening on port 3001...
2022-02-26T17:06:47.886Z info: Connected to MySQL server...
2022-02-26T17:07:47.882Z info: Listening on port 3001...
2022-02-26T17:07:47.894Z info: Connected to MySQL server...
2022-02-26T17:08:31.314Z info: Listening on port 3001...
2022-02-26T17:08:31.323Z info: Connected to MySQL server...
2022-02-26T17:08:33.335Z info: Listening on port 3001...
2022-02-26T17:08:33.346Z info: Connected to MySQL server...
2022-02-26T17:08:55.866Z info: Listening on port 3001...
2022-02-26T17:08:55.881Z info: Connected to MySQL server...
2022-02-26T17:09:09.001Z info: Listening on port 3001...
2022-02-26T17:09:09.011Z info: Connected to MySQL server...
2022-02-26T17:17:00.259Z info: Listening on port 3001...
2022-02-26T17:17:00.272Z info: Connected to MySQL server...
2022-02-26T17:17:59.920Z info: Listening on port 3001...
2022-02-26T17:17:59.938Z info: Connected to MySQL server...
2022-02-26T17:20:29.249Z info: Connected to MySQL server...
2022-02-26T17:20:36.839Z info: Listening on port 3001...
2022-02-26T17:20:36.852Z info: Connected to MySQL server...
2022-02-26T17:21:14.884Z info: Listening on port 3001...
2022-02-26T17:21:14.894Z info: Connected to MySQL server...
2022-02-26T17:48:36.002Z info: Listening on port 3001...
2022-02-26T17:48:36.016Z info: Connected to MySQL server...
2022-02-26T17:50:03.495Z info: Listening on port 3001...
2022-02-26T17:50:03.506Z info: Connected to MySQL server...
2022-02-26T17:52:28.520Z info: Listening on port 3001...
2022-02-26T17:52:28.531Z info: Connected to MySQL server...
2022-02-26T17:52:32.225Z info: Listening on port 3001...
2022-02-26T17:52:32.236Z info: Connected to MySQL server...
2022-02-26T18:14:54.384Z info: Listening on port 3001...
2022-02-26T18:16:34.457Z info: Listening on port 3001...
2022-02-26T18:16:34.545Z info: Connected to MySQL server...
